<?xml version="1.0" encoding="utf-8"?><testsuites name="pytest tests"><testsuite name="pytest" errors="0" failures="0" skipped="0" tests="13" time="22.124" timestamp="2026-04-14T23:30:02.914256+00:00" hostname="agent-env-17660de0-92ac-4b5a-bcc9-253e47c6a245"><testcase classname="backend.tests.test_v4_mobile_feeds.TestAuthentication" name="test_login_success" time="0.669" /><testcase classname="backend.tests.test_v4_mobile_feeds.TestAuthentication" name="test_login_invalid_credentials" time="0.167" /><testcase classname="backend.tests.test_v4_mobile_feeds.TestAuthentication" name="test_auth_me_with_token" time="0.678" /><testcase classname="backend.tests.test_v4_mobile_feeds.TestProjects" name="test_list_projects" time="0.662" /><testcase classname="backend.tests.test_v4_mobile_feeds.TestProjects" name="test_get_project_detail" time="0.829" /><testcase classname="backend.tests.test_v4_mobile_feeds.TestAIFeedSuggestions" name="test_get_ai_suggestions" time="0.973" /><testcase classname="backend.tests.test_v4_mobile_feeds.TestAIFeedSuggestions" name="test_refresh_ai_suggestions" time="10.910" /><testcase classname="backend.tests.test_v4_mobile_feeds.TestRSSFeeds" name="test_list_feeds" time="0.992" /><testcase classname="backend.tests.test_v4_mobile_feeds.TestRSSFeeds" name="test_get_feed_items" time="0.874" /><testcase classname="backend.tests.test_v4_mobile_feeds.TestRSSFeeds" name="test_refresh_feeds" time="1.963" /><testcase classname="backend.tests.test_v4_mobile_feeds.TestContents" name="test_list_contents" time="0.905" /><testcase classname="backend.tests.test_v4_mobile_feeds.TestContents" name="test_create_post" time="1.072" /><testcase classname="backend.tests.test_v4_mobile_feeds.TestPublishQueue" name="test_get_publish_queue" time="0.916" /></testsuite></testsuites>